<?xml version="1.0" encoding="UTF-8" ?>
<testsuite failures="0" time="0.461" errors="0" skipped="0" tests="1" name="competency.center.bdd.TestAddProductToShoppingCart">
  <properties>
    <property name="java.runtime.name" value="Java(TM) SE Runtime Environment"/>
    <property name="sun.boot.library.path" value="C:\Program Files\Java\jre7\bin"/>
    <property name="java.vm.version" value="23.2-b09"/>
    <property name="user.country.format" value="RO"/>
    <property name="java.vm.vendor" value="Oracle Corporation"/>
    <property name="java.vendor.url" value="http://java.oracle.com/"/>
    <property name="path.separator" value=";"/>
    <property name="java.vm.name" value="Java HotSpot(TM) 64-Bit Server VM"/>
    <property name="file.encoding.pkg" value="sun.io"/>
    <property name="user.script" value=""/>
    <property name="user.country" value="US"/>
    <property name="sun.java.launcher" value="SUN_STANDARD"/>
    <property name="sun.os.patch.level" value="Service Pack 1"/>
    <property name="java.vm.specification.name" value="Java Virtual Machine Specification"/>
    <property name="user.dir" value="D:\gol3\jbehave-tutorial"/>
    <property name="java.runtime.version" value="1.7.0_06-b24"/>
    <property name="java.awt.graphicsenv" value="sun.awt.Win32GraphicsEnvironment"/>
    <property name="basedir" value="D:\gol3\jbehave-tutorial"/>
    <property name="java.endorsed.dirs" value="C:\Program Files\Java\jre7\lib\endorsed"/>
    <property name="os.arch" value="amd64"/>
    <property name="surefire.real.class.path" value="D:\gol3\jbehave-tutorial\target\surefire\surefirebooter6927911939164887626.jar"/>
    <property name="java.io.tmpdir" value="C:\Users\ARADUL~1\AppData\Local\Temp\"/>
    <property name="line.separator" value="
"/>
    <property name="java.vm.specification.vendor" value="Oracle Corporation"/>
    <property name="user.variant" value=""/>
    <property name="os.name" value="Windows 7"/>
    <property name="sun.jnu.encoding" value="Cp1250"/>
    <property name="java.library.path" value="C:\Program Files\Java\jre7\bin;C:\Windows\Sun\Java\bin;C:\Windows\system32;C:\Windows;C:\Program Files (x86)\NVIDIA Corporation\PhysX\Common;C:\Program Files\Common Files\Microsoft Shared\Windows Live;C:\Program Files (x86)\Common Files\Microsoft Shared\Windows Live;C:\Windows\system32;C:\Windows;C:\Windows\System32\Wbem;C:\Windows\System32\WindowsPowerShell\v1.0\;C:\Program Files (x86)\Intel\Services\IPT\;C:\Program Files (x86)\NTRU Cryptosystems\NTRU TCG Software Stack\bin\;C:\Program Files\NTRU Cryptosystems\NTRU TCG Software Stack\bin\;C:\Program Files\Dell\Dell Data Protection\Access\Advanced\Wave\Gemalto\Access Client\v5\;C:\Program Files (x86)\Windows Live\Shared;C:\Program Files (x86)\Common Files\Roxio Shared\DLLShared\;C:\Program Files (x86)\Common Files\Roxio Shared\OEM\DLLShared\;C:\Program Files (x86)\Common Files\Roxio Shared\OEM\DLLShared\;C:\Program Files (x86)\Common Files\Roxio Shared\OEM\12.0\DLLShared\;C:\Program Files (x86)\Roxio\OEM\AudioCore\;C:\Program Files\Google\Google Apps Sync\;C:\Program Files\Google\Google Apps Migration\;C:\Program Files (x86)\Git\cmd;c:\Python32\;C:\Program Files (x86)\Bitvise SSH Client;d:\work\downloads\apache-maven-3.0.4-bin\apache-maven-3.0.4\bin;c:\Program Files\Java\jdk1.7.0_06\\bin;c:\Python32\;."/>
    <property name="surefire.test.class.path" value="D:\gol3\jbehave-tutorial\target\test-classes;D:\gol3\jbehave-tutorial\target\classes;C:\Users\aradulescu\.m2\repository\org\jbehave\jbehave-core\3.3.2\jbehave-core-3.3.2.jar;C:\Users\aradulescu\.m2\repository\commons-collections\commons-collections\3.2.1\commons-collections-3.2.1.jar;C:\Users\aradulescu\.m2\repository\commons-io\commons-io\1.4\commons-io-1.4.jar;C:\Users\aradulescu\.m2\repository\commons-lang\commons-lang\2.5\commons-lang-2.5.jar;C:\Users\aradulescu\.m2\repository\org\codehaus\plexus\plexus-utils\2.0.5\plexus-utils-2.0.5.jar;C:\Users\aradulescu\.m2\repository\org\freemarker\freemarker\2.3.16\freemarker-2.3.16.jar;C:\Users\aradulescu\.m2\repository\com\thoughtworks\paranamer\paranamer\2.3\paranamer-2.3.jar;C:\Users\aradulescu\.m2\repository\com\thoughtworks\xstream\xstream\1.3.1\xstream-1.3.1.jar;C:\Users\aradulescu\.m2\repository\xpp3\xpp3_min\1.1.4c\xpp3_min-1.1.4c.jar;C:\Users\aradulescu\.m2\repository\junit\junit-dep\4.8.2\junit-dep-4.8.2.jar;C:\Users\aradulescu\.m2\repository\org\hamcrest\hamcrest-all\1.1\hamcrest-all-1.1.jar;"/>
    <property name="java.specification.name" value="Java Platform API Specification"/>
    <property name="java.class.version" value="51.0"/>
    <property name="sun.management.compiler" value="HotSpot 64-Bit Tiered Compilers"/>
    <property name="os.version" value="6.1"/>
    <property name="user.home" value="C:\Users\aradulescu"/>
    <property name="user.timezone" value="Europe/Athens"/>
    <property name="java.awt.printerjob" value="sun.awt.windows.WPrinterJob"/>
    <property name="java.specification.version" value="1.7"/>
    <property name="file.encoding" value="Cp1250"/>
    <property name="user.name" value="aradulescu"/>
    <property name="java.class.path" value="D:\gol3\jbehave-tutorial\target\test-classes;D:\gol3\jbehave-tutorial\target\classes;C:\Users\aradulescu\.m2\repository\org\jbehave\jbehave-core\3.3.2\jbehave-core-3.3.2.jar;C:\Users\aradulescu\.m2\repository\commons-collections\commons-collections\3.2.1\commons-collections-3.2.1.jar;C:\Users\aradulescu\.m2\repository\commons-io\commons-io\1.4\commons-io-1.4.jar;C:\Users\aradulescu\.m2\repository\commons-lang\commons-lang\2.5\commons-lang-2.5.jar;C:\Users\aradulescu\.m2\repository\org\codehaus\plexus\plexus-utils\2.0.5\plexus-utils-2.0.5.jar;C:\Users\aradulescu\.m2\repository\org\freemarker\freemarker\2.3.16\freemarker-2.3.16.jar;C:\Users\aradulescu\.m2\repository\com\thoughtworks\paranamer\paranamer\2.3\paranamer-2.3.jar;C:\Users\aradulescu\.m2\repository\com\thoughtworks\xstream\xstream\1.3.1\xstream-1.3.1.jar;C:\Users\aradulescu\.m2\repository\xpp3\xpp3_min\1.1.4c\xpp3_min-1.1.4c.jar;C:\Users\aradulescu\.m2\repository\junit\junit-dep\4.8.2\junit-dep-4.8.2.jar;C:\Users\aradulescu\.m2\repository\org\hamcrest\hamcrest-all\1.1\hamcrest-all-1.1.jar;"/>
    <property name="java.vm.specification.version" value="1.7"/>
    <property name="sun.arch.data.model" value="64"/>
    <property name="java.home" value="C:\Program Files\Java\jre7"/>
    <property name="sun.java.command" value="D:\gol3\jbehave-tutorial\target\surefire\surefirebooter6927911939164887626.jar D:\gol3\jbehave-tutorial\target\surefire\surefire7361866420738245798tmp D:\gol3\jbehave-tutorial\target\surefire\surefire8783473862077861414tmp"/>
    <property name="java.specification.vendor" value="Oracle Corporation"/>
    <property name="user.language" value="en"/>
    <property name="user.language.format" value="ro"/>
    <property name="awt.toolkit" value="sun.awt.windows.WToolkit"/>
    <property name="java.vm.info" value="mixed mode"/>
    <property name="java.version" value="1.7.0_06"/>
    <property name="java.ext.dirs" value="C:\Program Files\Java\jre7\lib\ext;C:\Windows\Sun\Java\lib\ext"/>
    <property name="sun.boot.class.path" value="C:\Program Files\Java\jre7\lib\resources.jar;C:\Program Files\Java\jre7\lib\rt.jar;C:\Program Files\Java\jre7\lib\sunrsasign.jar;C:\Program Files\Java\jre7\lib\jsse.jar;C:\Program Files\Java\jre7\lib\jce.jar;C:\Program Files\Java\jre7\lib\charsets.jar;C:\Program Files\Java\jre7\lib\jfr.jar;C:\Program Files\Java\jre7\classes"/>
    <property name="java.vendor" value="Oracle Corporation"/>
    <property name="localRepository" value="C:\Users\aradulescu\.m2\repository"/>
    <property name="file.separator" value="\"/>
    <property name="java.vendor.url.bug" value="http://bugreport.sun.com/bugreport/"/>
    <property name="sun.cpu.endian" value="little"/>
    <property name="sun.io.unicode.encoding" value="UnicodeLittle"/>
    <property name="sun.desktop" value="windows"/>
    <property name="sun.cpu.isalist" value="amd64"/>
  </properties>
  <testcase time="0.42" classname="competency.center.bdd.TestAddProductToShoppingCart" name="run"/>
</testsuite>